<?xml version="1.0" encoding="UTF-8" ?>
<testsuite tests="5" failures="0" name="pl.pjatk.tdd.test.NumberCheckTest" time="0" errors="0" skipped="0">
  <properties>
[...]
</properties>
  <testcase classname="pl.pjatk.tdd.test.NumberCheckTest" name="tenIsNotPrimeNumber" time="0"/>
  <testcase classname="pl.pjatk.tdd.test.NumberCheckTest" name="sixIsNotPrimeNumber" time="0"/>
  <testcase classname="pl.pjatk.tdd.test.NumberCheckTest" name="threeIsPrimeNumber" time="0"/>
  <testcase classname="pl.pjatk.tdd.test.NumberCheckTest" name="fifteenIsNotPrimeNumber" time="0"/>
  <testcase classname="pl.pjatk.tdd.test.NumberCheckTest" name="negativeNumbersAreNotPrimeNumbers" time="0"/>
</testsuite>